[2024-05-18 16:08:09] [INFO] Connected to database
[2024-05-18 16:08:09] [INFO] Application started successfully
[2024-05-18 16:08:09] [INFO] Setting up routes
[2024-05-18 16:08:09] [INFO] Route loaded: /budget (POST)
[2024-05-18 16:08:09] [INFO] Route loaded: /expense (POST)
[2024-05-18 16:08:09] [INFO] Route loaded: /budget (GET)
[2024-05-18 16:08:09] [INFO] Route loaded: /budget/:id (GET)
[2024-05-18 16:08:09] [INFO] Route loaded: /budget/:id/remaining (GET)
[2024-05-18 16:08:09] [INFO] Route loaded: /expense (GET)
[2024-05-18 16:08:09] [INFO] Route loaded: /expense/:id (GET)
[2024-05-18 16:08:09] [INFO] Route loaded: /budget/:id (PUT)
[2024-05-18 16:08:09] [INFO] Route loaded: /expense/:id (PUT)
[2024-05-18 16:08:09] [INFO] Route loaded: /budget/:id (DELETE)
[2024-05-18 16:08:09] [INFO] Route loaded: /expense/:id (DELETE)
[2024-05-18 16:08:09] [INFO] Connected to database
[2024-05-18 16:08:09] [INFO] Application started successfully
[2024-05-18 16:08:09] [INFO] Setting up routes
[2024-05-18 16:08:09] [INFO] Route loaded: /budget (POST)
[2024-05-18 16:08:09] [INFO] Route loaded: /expense (POST)
[2024-05-18 16:08:09] [INFO] Route loaded: /budget (GET)
[2024-05-18 16:08:09] [INFO] Route loaded: /budget/:id (GET)
[2024-05-18 16:08:09] [INFO] Route loaded: /budget/:id/remaining (GET)
[2024-05-18 16:08:09] [INFO] Route loaded: /expense (GET)
[2024-05-18 16:08:09] [INFO] Route loaded: /expense/:id (GET)
[2024-05-18 16:08:09] [INFO] Route loaded: /budget/:id (PUT)
[2024-05-18 16:08:09] [INFO] Route loaded: /expense/:id (PUT)
[2024-05-18 16:08:09] [INFO] Route loaded: /budget/:id (DELETE)
[2024-05-18 16:08:09] [INFO] Route loaded: /expense/:id (DELETE)
